<?xml version="1.0" encoding="UTF-8"?>
<testsuite name="servicesTest.BookServiceTest" tests="1" skipped="0" failures="0" errors="0" timestamp="2021-06-13T20:43:20" hostname="WIN-82HLDB8US1J" time="0.013">
  <properties/>
  <testcase name="assertString" classname="servicesTest.BookServiceTest" time="0.013"/>
  <system-out><![CDATA[]]></system-out>
  <system-err><![CDATA[]]></system-err>
</testsuite>
